{
  message: 'Server Running on Port: http://localhost:5000',
  level: 'info',
  timestamp: '4/5/2022, 2:31:53 PM GMT+2'
}
{
  message: 'tesst',
  level: 'info',
  timestamp: '4/5/2022, 2:33:38 PM GMT+2'
}
{
  message: 'tesst',
  level: 'info',
  timestamp: '4/5/2022, 2:33:48 PM GMT+2'
}
{
  message: 'tesst',
  level: 'info',
  timestamp: '4/5/2022, 2:36:10 PM GMT+2'
}
{
  message: 'tesst',
  level: 'info',
  timestamp: '4/5/2022, 2:36:11 PM GMT+2'
}
{
  message: 'tesst',
  level: 'info',
  timestamp: '4/5/2022, 2:36:17 PM GMT+2'
}
{
  message: 'tesst',
  level: 'info',
  timestamp: '4/5/2022, 2:36:32 PM GMT+2'
}
{
  message: 'tesst',
  level: 'info',
  timestamp: '4/5/2022, 2:36:32 PM GMT+2'
}
{
  message: 'tesst',
  level: 'info',
  timestamp: '4/5/2022, 2:36:32 PM GMT+2'
}
{
  message: 'tesst',
  level: 'info',
  timestamp: '4/5/2022, 2:36:32 PM GMT+2'
}
{
  message: 'tesst',
  level: 'info',
  timestamp: '4/5/2022, 2:36:34 PM GMT+2'
}
{
  message: 'tesst',
  level: 'info',
  timestamp: '4/5/2022, 2:36:45 PM GMT+2'
}
{
  message: 'tesst',
  level: 'info',
  timestamp: '4/5/2022, 2:36:48 PM GMT+2'
}
{
  message: 'tesst',
  level: 'info',
  timestamp: '4/5/2022, 2:37:05 PM GMT+2'
}
{
  message: 'tesst',
  level: 'info',
  timestamp: '4/5/2022, 2:37:12 PM GMT+2'
}
{
  message: 'tesst',
  level: 'info',
  timestamp: '4/5/2022, 2:37:26 PM GMT+2'
}
{
  message: 'tesst',
  level: 'info',
  timestamp: '4/5/2022, 2:38:00 PM GMT+2'
}
{
  message: 'tesst',
  level: 'info',
  timestamp: '4/5/2022, 2:38:00 PM GMT+2'
}
{
  message: 'tesst',
  level: 'info',
  timestamp: '4/5/2022, 2:38:00 PM GMT+2'
}
{
  message: 'tesst',
  level: 'info',
  timestamp: '4/5/2022, 2:38:00 PM GMT+2'
}
{
  message: 'tesst',
  level: 'info',
  timestamp: '4/5/2022, 2:38:00 PM GMT+2'
}
{
  message: 'tesst',
  level: 'info',
  timestamp: '4/5/2022, 2:38:01 PM GMT+2'
}
{
  message: 'tesst',
  level: 'info',
  timestamp: '4/5/2022, 2:38:01 PM GMT+2'
}
{
  message: 'tesst',
  level: 'info',
  timestamp: '4/5/2022, 2:38:01 PM GMT+2'
}
{
  message: 'tesst',
  level: 'info',
  timestamp: '4/5/2022, 2:38:06 PM GMT+2'
}
{
  message: 'tesst',
  level: 'info',
  timestamp: '4/5/2022, 2:38:10 PM GMT+2'
}
{
  message: 'tesst',
  level: 'info',
  timestamp: '4/5/2022, 2:38:12 PM GMT+2'
}
{
  message: 'tesst',
  level: 'info',
  timestamp: '4/5/2022, 2:38:17 PM GMT+2'
}
{
  message: 'tesst',
  level: 'info',
  timestamp: '4/5/2022, 2:38:22 PM GMT+2'
}
{
  message: 'tesst',
  level: 'info',
  timestamp: '4/5/2022, 2:42:25 PM GMT+2'
}
{
  message: 'tesst',
  level: 'info',
  timestamp: '4/5/2022, 2:42:27 PM GMT+2'
}
{
  message: 'tesst',
  level: 'info',
  timestamp: '4/5/2022, 2:42:28 PM GMT+2'
}
{
  message: 'tesst',
  level: 'info',
  timestamp: '4/5/2022, 2:42:29 PM GMT+2'
}
{
  message: 'tesst',
  level: 'info',
  timestamp: '4/5/2022, 2:42:29 PM GMT+2'
}
{
  message: 'tesst',
  level: 'info',
  timestamp: '4/5/2022, 2:42:29 PM GMT+2'
}
{
  message: 'tesst',
  level: 'info',
  timestamp: '4/5/2022, 3:09:03 PM GMT+2'
}
{
  message: 'tesst',
  level: 'info',
  timestamp: '4/5/2022, 3:09:11 PM GMT+2'
}
{
  message: 'tesst',
  level: 'info',
  timestamp: '4/5/2022, 3:09:57 PM GMT+2'
}
{
  message: 'tesst',
  level: 'info',
  timestamp: '4/5/2022, 3:11:37 PM GMT+2'
}
{
  message: 'tesst',
  level: 'info',
  timestamp: '4/5/2022, 3:11:37 PM GMT+2'
}
{
  message: 'tesst',
  level: 'info',
  timestamp: '4/5/2022, 3:11:37 PM GMT+2'
}
{
  message: 'tesst',
  level: 'info',
  timestamp: '4/5/2022, 3:12:53 PM GMT+2'
}
{
  message: 'tesst',
  level: 'info',
  timestamp: '4/5/2022, 3:13:55 PM GMT+2'
}
{
  message: 'tesst',
  level: 'info',
  timestamp: '4/5/2022, 3:16:57 PM GMT+2'
}
{
  message: 'tesst',
  level: 'info',
  timestamp: '4/5/2022, 3:20:54 PM GMT+2'
}
{
  message: 'tesst',
  level: 'info',
  timestamp: '4/5/2022, 3:22:02 PM GMT+2'
}
{
  message: 'tesst',
  level: 'info',
  timestamp: '4/5/2022, 3:22:02 PM GMT+2'
}
{
  message: 'tesst',
  level: 'info',
  timestamp: '4/5/2022, 3:22:03 PM GMT+2'
}
{
  message: 'tesst',
  level: 'info',
  timestamp: '4/5/2022, 3:22:26 PM GMT+2'
}
{
  message: 'tesst',
  level: 'info',
  timestamp: '4/5/2022, 3:22:29 PM GMT+2'
}
{
  message: 'tesst',
  level: 'info',
  timestamp: '4/5/2022, 3:23:10 PM GMT+2'
}
{
  message: 'tesst',
  level: 'info',
  timestamp: '4/5/2022, 3:23:12 PM GMT+2'
}
{
  message: 'tesst',
  level: 'info',
  timestamp: '4/5/2022, 3:24:53 PM GMT+2'
}
{
  message: 'tesst',
  level: 'info',
  timestamp: '4/5/2022, 3:24:54 PM GMT+2'
}
{
  message: 'tesst',
  level: 'info',
  timestamp: '4/5/2022, 3:26:06 PM GMT+2'
}
{
  message: 'tesst',
  level: 'info',
  timestamp: '4/5/2022, 3:26:06 PM GMT+2'
}
{
  message: 'tesst',
  level: 'info',
  timestamp: '4/5/2022, 3:26:31 PM GMT+2'
}
{
  message: 'tesst',
  level: 'info',
  timestamp: '4/5/2022, 3:26:56 PM GMT+2'
}
{
  message: 'tesst',
  level: 'info',
  timestamp: '4/5/2022, 3:26:57 PM GMT+2'
}
{
  message: 'tesst',
  level: 'info',
  timestamp: '4/5/2022, 3:27:19 PM GMT+2'
}
{
  message: 'tesst',
  level: 'info',
  timestamp: '4/5/2022, 3:27:20 PM GMT+2'
}
{
  message: 'tesst',
  level: 'info',
  timestamp: '4/5/2022, 3:27:21 PM GMT+2'
}
{
  message: 'tesst',
  level: 'info',
  timestamp: '4/5/2022, 3:27:21 PM GMT+2'
}
{
  message: 'tesst',
  level: 'info',
  timestamp: '4/5/2022, 3:27:22 PM GMT+2'
}
{
  message: 'tesst',
  level: 'info',
  timestamp: '4/5/2022, 3:27:31 PM GMT+2'
}
{
  message: 'tesst',
  level: 'info',
  timestamp: '4/5/2022, 3:27:32 PM GMT+2'
}
{
  message: 'tesst',
  level: 'info',
  timestamp: '4/5/2022, 3:27:59 PM GMT+2'
}
{
  message: 'tesst',
  level: 'info',
  timestamp: '4/5/2022, 3:28:00 PM GMT+2'
}
{
  message: 'tesst',
  level: 'info',
  timestamp: '4/5/2022, 3:28:00 PM GMT+2'
}
{
  message: 'tesst',
  level: 'info',
  timestamp: '4/5/2022, 3:28:01 PM GMT+2'
}
{
  message: 'tesst',
  level: 'info',
  timestamp: '4/5/2022, 3:30:56 PM GMT+2'
}
{
  message: 'tesst',
  level: 'info',
  timestamp: '4/5/2022, 3:30:56 PM GMT+2'
}
{
  message: 'tesst',
  level: 'info',
  timestamp: '4/5/2022, 3:30:56 PM GMT+2'
}
{
  message: 'tesst',
  level: 'info',
  timestamp: '4/5/2022, 3:30:57 PM GMT+2'
}
{
  message: 'tesst',
  level: 'info',
  timestamp: '4/5/2022, 3:30:57 PM GMT+2'
}
{
  message: 'tesst',
  level: 'info',
  timestamp: '4/5/2022, 3:30:57 PM GMT+2'
}
{
  message: 'tesst',
  level: 'info',
  timestamp: '4/5/2022, 3:41:04 PM GMT+2'
}
{
  message: 'tesst',
  level: 'info',
  timestamp: '4/5/2022, 3:41:47 PM GMT+2'
}
{
  message: 'tesst',
  level: 'info',
  timestamp: '4/5/2022, 3:43:35 PM GMT+2'
}
{
  message: 'tesst',
  level: 'info',
  timestamp: '4/5/2022, 3:45:05 PM GMT+2'
}
{
  message: 'tesst',
  level: 'info',
  timestamp: '4/5/2022, 3:45:50 PM GMT+2'
}
{
  message: 'tesst',
  level: 'info',
  timestamp: '4/5/2022, 3:45:54 PM GMT+2'
}
{
  message: 'tesst',
  level: 'info',
  timestamp: '4/5/2022, 3:45:58 PM GMT+2'
}
{
  message: 'tesst',
  level: 'info',
  timestamp: '4/5/2022, 3:45:59 PM GMT+2'
}
{
  message: 'tesst',
  level: 'info',
  timestamp: '4/5/2022, 3:46:02 PM GMT+2'
}
{
  message: 'tesst',
  level: 'info',
  timestamp: '4/5/2022, 3:46:08 PM GMT+2'
}
{
  message: 'tesst',
  level: 'info',
  timestamp: '4/5/2022, 3:46:19 PM GMT+2'
}
{
  message: 'tesst',
  level: 'info',
  timestamp: '4/5/2022, 3:46:29 PM GMT+2'
}
{
  message: 'tesst',
  level: 'info',
  timestamp: '4/5/2022, 3:46:48 PM GMT+2'
}
{
  message: 'tesst',
  level: 'info',
  timestamp: '4/5/2022, 3:46:56 PM GMT+2'
}
{
  message: 'tesst',
  level: 'info',
  timestamp: '4/5/2022, 3:47:11 PM GMT+2'
}
{
  message: 'tesst',
  level: 'info',
  timestamp: '4/5/2022, 3:47:36 PM GMT+2'
}
{
  message: 'tesst',
  level: 'info',
  timestamp: '4/5/2022, 3:48:12 PM GMT+2'
}
{
  message: 'tesst',
  level: 'info',
  timestamp: '4/5/2022, 3:48:44 PM GMT+2'
}
{
  message: 'tesst',
  level: 'info',
  timestamp: '4/5/2022, 3:48:48 PM GMT+2'
}
{
  message: 'tesst',
  level: 'info',
  timestamp: '4/5/2022, 3:49:06 PM GMT+2'
}
{
  message: 'tesst',
  level: 'info',
  timestamp: '4/5/2022, 3:49:08 PM GMT+2'
}
{
  message: 'tesst',
  level: 'info',
  timestamp: '4/5/2022, 3:49:12 PM GMT+2'
}
{
  message: 'tesst',
  level: 'info',
  timestamp: '4/5/2022, 3:49:20 PM GMT+2'
}
{
  message: 'tesst',
  level: 'info',
  timestamp: '4/5/2022, 3:49:24 PM GMT+2'
}
{
  message: 'tesst',
  level: 'info',
  timestamp: '4/5/2022, 3:50:01 PM GMT+2'
}
{
  message: 'tesst',
  level: 'info',
  timestamp: '4/5/2022, 3:50:51 PM GMT+2'
}
{
  message: 'tesst',
  level: 'info',
  timestamp: '4/5/2022, 3:53:40 PM GMT+2'
}
{
  message: 'tesst',
  level: 'info',
  timestamp: '4/5/2022, 3:59:30 PM GMT+2'
}
{
  message: 'tesst',
  level: 'info',
  timestamp: '4/5/2022, 3:59:49 PM GMT+2'
}
{
  message: 'tesst',
  level: 'info',
  timestamp: '4/5/2022, 4:02:08 PM GMT+2'
}
{
  message: 'tesst',
  level: 'info',
  timestamp: '4/5/2022, 4:02:31 PM GMT+2'
}
{
  message: 'tesst',
  level: 'info',
  timestamp: '4/5/2022, 4:03:04 PM GMT+2'
}
{
  message: 'tesst',
  level: 'info',
  timestamp: '4/5/2022, 4:03:14 PM GMT+2'
}
{
  message: 'tesst',
  level: 'info',
  timestamp: '4/5/2022, 4:05:01 PM GMT+2'
}
{
  message: 'tesst',
  level: 'info',
  timestamp: '4/5/2022, 4:16:36 PM GMT+2'
}
{
  message: 'tesst',
  level: 'info',
  timestamp: '4/5/2022, 4:22:41 PM GMT+2'
}
{
  message: 'tesst',
  level: 'info',
  timestamp: '4/5/2022, 4:22:50 PM GMT+2'
}
{
  message: 'tesst',
  level: 'info',
  timestamp: '4/5/2022, 4:23:14 PM GMT+2'
}
{
  message: 'tesst',
  level: 'info',
  timestamp: '4/5/2022, 4:23:37 PM GMT+2'
}
{
  message: 'tesst',
  level: 'info',
  timestamp: '4/5/2022, 4:23:42 PM GMT+2'
}
{
  message: 'tesst',
  level: 'info',
  timestamp: '4/5/2022, 4:26:10 PM GMT+2'
}
{
  message: 'tesst',
  level: 'info',
  timestamp: '4/5/2022, 4:26:29 PM GMT+2'
}
{
  message: 'tesst',
  level: 'info',
  timestamp: '4/5/2022, 4:28:31 PM GMT+2'
}
{
  message: '::1 - - [05/Apr/2022:14:28:42 +0000] "POST /stream HTTP/1.1" 409 80 "http://localhost:3001/" "Mozilla/5.0 (Windows NT 10.0; Win64; x64) AppleWebKit/537.36 (KHTML, like Gecko) Chrome/100.0.4896.60 Safari/537.36"\n',
  level: 'info',
  timestamp: '4/5/2022, 4:28:42 PM GMT+2'
}
{
  message: 'tesst',
  level: 'info',
  timestamp: '4/5/2022, 4:29:19 PM GMT+2'
}
{
  message: 'tesst',
  level: 'info',
  timestamp: '4/5/2022, 4:30:20 PM GMT+2'
}
{
  message: 'tesst',
  level: 'info',
  timestamp: '4/5/2022, 4:30:30 PM GMT+2'
}
{
  message: '::1 - - [05/Apr/2022:14:30:49 +0000] "POST /stream HTTP/1.1" 409 80 "http://localhost:3001/" "Mozilla/5.0 (Windows NT 10.0; Win64; x64) AppleWebKit/537.36 (KHTML, like Gecko) Chrome/100.0.4896.60 Safari/537.36"\n',
  level: 'info',
  timestamp: '4/5/2022, 4:30:49 PM GMT+2'
}
{
  message: 'tesst',
  level: 'info',
  timestamp: '4/5/2022, 4:34:50 PM GMT+2'
}
{
  message: 'tesst',
  level: 'info',
  timestamp: '4/5/2022, 4:38:13 PM GMT+2'
}
{
  message: 'tesst',
  level: 'info',
  timestamp: '4/5/2022, 4:38:57 PM GMT+2'
}
{
  message: 'tesst',
  level: 'info',
  timestamp: '4/5/2022, 4:39:05 PM GMT+2'
}
{
  message: 'tesst',
  level: 'info',
  timestamp: '4/5/2022, 4:39:57 PM GMT+2'
}
{
  message: 'tesst',
  level: 'info',
  timestamp: '4/5/2022, 4:40:21 PM GMT+2'
}
{
  message: '::ffff:127.0.0.1 - - [05/Apr/2022:14:40:30 +0000] "POST /stream HTTP/1.1" 409 80 "http://localhost:3001/" "Mozilla/5.0 (Windows NT 10.0; Win64; x64; rv:98.0) Gecko/20100101 Firefox/98.0"\n',
  level: 'info',
  timestamp: '4/5/2022, 4:40:30 PM GMT+2'
}
{
  message: 'tesst',
  level: 'info',
  timestamp: '4/5/2022, 4:44:09 PM GMT+2'
}
{
  message: 'tesst',
  level: 'info',
  timestamp: '4/5/2022, 4:44:53 PM GMT+2'
}
{
  message: 'tesst',
  level: 'info',
  timestamp: '4/5/2022, 4:46:53 PM GMT+2'
}
{
  message: 'tesst',
  level: 'info',
  timestamp: '4/5/2022, 4:51:21 PM GMT+2'
}
{
  message: 'tesst',
  level: 'info',
  timestamp: '4/5/2022, 4:56:31 PM GMT+2'
}
{
  message: 'tesst',
  level: 'info',
  timestamp: '4/5/2022, 4:56:37 PM GMT+2'
}
{
  message: 'tesst',
  level: 'info',
  timestamp: '4/5/2022, 4:57:06 PM GMT+2'
}
{
  message: 'tesst',
  level: 'info',
  timestamp: '4/5/2022, 4:57:59 PM GMT+2'
}
{
  message: 'tesst',
  level: 'info',
  timestamp: '4/5/2022, 4:58:31 PM GMT+2'
}
{
  message: 'tesst',
  level: 'info',
  timestamp: '4/5/2022, 4:58:32 PM GMT+2'
}
{
  message: 'tesst',
  level: 'info',
  timestamp: '4/5/2022, 4:58:32 PM GMT+2'
}
{
  message: 'tesst',
  level: 'info',
  timestamp: '4/5/2022, 4:58:32 PM GMT+2'
}
{
  message: 'tesst',
  level: 'info',
  timestamp: '4/5/2022, 4:58:53 PM GMT+2'
}
{
  message: 'tesst',
  level: 'info',
  timestamp: '4/5/2022, 5:01:03 PM GMT+2'
}
{
  message: 'tesst',
  level: 'info',
  timestamp: '4/5/2022, 5:02:41 PM GMT+2'
}
{
  message: 'tesst',
  level: 'info',
  timestamp: '4/5/2022, 5:02:59 PM GMT+2'
}
{
  message: 'tesst',
  level: 'info',
  timestamp: '4/5/2022, 5:03:06 PM GMT+2'
}
{
  message: 'tesst',
  level: 'info',
  timestamp: '4/5/2022, 5:04:56 PM GMT+2'
}
{
  message: 'tesst',
  level: 'info',
  timestamp: '4/5/2022, 5:04:57 PM GMT+2'
}
{
  message: 'tesst',
  level: 'info',
  timestamp: '4/5/2022, 5:04:58 PM GMT+2'
}
{
  message: 'tesst',
  level: 'info',
  timestamp: '4/5/2022, 5:05:26 PM GMT+2'
}
{
  message: 'tesst',
  level: 'info',
  timestamp: '4/5/2022, 5:06:34 PM GMT+2'
}
{
  message: 'tesst',
  level: 'info',
  timestamp: '4/5/2022, 5:08:51 PM GMT+2'
}
{
  message: 'tesst',
  level: 'info',
  timestamp: '4/5/2022, 5:08:52 PM GMT+2'
}
{
  message: 'tesst',
  level: 'info',
  timestamp: '4/5/2022, 5:08:52 PM GMT+2'
}
{
  message: 'tesst',
  level: 'info',
  timestamp: '4/5/2022, 5:08:56 PM GMT+2'
}
{
  message: 'tesst',
  level: 'info',
  timestamp: '4/5/2022, 5:08:57 PM GMT+2'
}
{
  message: 'tesst',
  level: 'info',
  timestamp: '4/5/2022, 5:10:16 PM GMT+2'
}
{
  message: 'tesst',
  level: 'info',
  timestamp: '4/5/2022, 5:10:17 PM GMT+2'
}
{
  message: 'tesst',
  level: 'info',
  timestamp: '4/5/2022, 5:10:17 PM GMT+2'
}
{
  message: 'tesst',
  level: 'info',
  timestamp: '4/5/2022, 5:10:21 PM GMT+2'
}
{
  message: 'tesst',
  level: 'info',
  timestamp: '4/5/2022, 5:10:38 PM GMT+2'
}
{
  message: 'tesst',
  level: 'info',
  timestamp: '4/5/2022, 5:10:58 PM GMT+2'
}
{
  message: 'tesst',
  level: 'info',
  timestamp: '4/5/2022, 5:11:05 PM GMT+2'
}
{
  message: 'tesst',
  level: 'info',
  timestamp: '4/5/2022, 5:19:51 PM GMT+2'
}
{
  message: 'tesst',
  level: 'info',
  timestamp: '4/5/2022, 5:26:20 PM GMT+2'
}
{
  message: 'tesst',
  level: 'info',
  timestamp: '4/5/2022, 5:26:27 PM GMT+2'
}
{
  message: 'tesst',
  level: 'info',
  timestamp: '4/5/2022, 5:26:31 PM GMT+2'
}
{
  message: 'tesst',
  level: 'info',
  timestamp: '4/5/2022, 5:26:46 PM GMT+2'
}
{
  message: 'tesst',
  level: 'info',
  timestamp: '4/5/2022, 5:28:40 PM GMT+2'
}
{
  message: 'tesst',
  level: 'info',
  timestamp: '4/5/2022, 5:28:49 PM GMT+2'
}
{
  message: 'tesst',
  level: 'info',
  timestamp: '4/5/2022, 5:29:01 PM GMT+2'
}
{
  message: 'tesst',
  level: 'info',
  timestamp: '4/5/2022, 5:29:08 PM GMT+2'
}
{
  message: 'tesst',
  level: 'info',
  timestamp: '4/5/2022, 5:29:32 PM GMT+2'
}
{
  message: 'tesst',
  level: 'info',
  timestamp: '4/5/2022, 5:29:39 PM GMT+2'
}
{
  message: 'tesst',
  level: 'info',
  timestamp: '4/5/2022, 5:29:46 PM GMT+2'
}
{
  message: 'tesst',
  level: 'info',
  timestamp: '4/5/2022, 5:31:32 PM GMT+2'
}
{
  message: 'tesst',
  level: 'info',
  timestamp: '4/5/2022, 5:32:37 PM GMT+2'
}
{
  message: 'tesst',
  level: 'info',
  timestamp: '4/5/2022, 5:33:05 PM GMT+2'
}
{
  message: 'tesst',
  level: 'info',
  timestamp: '4/5/2022, 5:33:05 PM GMT+2'
}
{
  message: 'tesst',
  level: 'info',
  timestamp: '4/5/2022, 5:35:15 PM GMT+2'
}
{
  message: 'tesst',
  level: 'info',
  timestamp: '4/5/2022, 5:35:43 PM GMT+2'
}
{
  message: 'tesst',
  level: 'info',
  timestamp: '4/5/2022, 5:35:58 PM GMT+2'
}
{
  message: 'tesst',
  level: 'info',
  timestamp: '4/5/2022, 5:39:28 PM GMT+2'
}
{
  message: 'tesst',
  level: 'info',
  timestamp: '4/5/2022, 5:42:06 PM GMT+2'
}
{
  message: 'tesst',
  level: 'info',
  timestamp: '4/5/2022, 5:42:08 PM GMT+2'
}
{
  message: 'tesst',
  level: 'info',
  timestamp: '4/5/2022, 5:42:08 PM GMT+2'
}
{
  message: 'tesst',
  level: 'info',
  timestamp: '4/5/2022, 5:42:12 PM GMT+2'
}
{
  message: 'tesst',
  level: 'info',
  timestamp: '4/5/2022, 5:42:46 PM GMT+2'
}
{
  message: 'tesst',
  level: 'info',
  timestamp: '4/5/2022, 5:43:23 PM GMT+2'
}
{
  message: 'tesst',
  level: 'info',
  timestamp: '4/5/2022, 5:43:23 PM GMT+2'
}
{
  message: 'tesst',
  level: 'info',
  timestamp: '4/5/2022, 5:44:34 PM GMT+2'
}
{
  message: 'tesst',
  level: 'info',
  timestamp: '4/5/2022, 5:44:36 PM GMT+2'
}
{
  message: 'tesst',
  level: 'info',
  timestamp: '4/5/2022, 5:44:36 PM GMT+2'
}
{
  message: 'tesst',
  level: 'info',
  timestamp: '4/5/2022, 5:44:40 PM GMT+2'
}
{
  message: 'tesst',
  level: 'info',
  timestamp: '4/5/2022, 5:44:40 PM GMT+2'
}
{
  message: 'tesst',
  level: 'info',
  timestamp: '4/5/2022, 5:44:40 PM GMT+2'
}
{
  message: 'tesst',
  level: 'info',
  timestamp: '4/5/2022, 5:44:44 PM GMT+2'
}
{
  message: 'tesst',
  level: 'info',
  timestamp: '4/5/2022, 5:49:06 PM GMT+2'
}
{
  message: 'tesst',
  level: 'info',
  timestamp: '4/5/2022, 5:49:07 PM GMT+2'
}
{
  message: 'tesst',
  level: 'info',
  timestamp: '4/5/2022, 5:49:11 PM GMT+2'
}
{
  message: 'tesst',
  level: 'info',
  timestamp: '4/5/2022, 5:49:16 PM GMT+2'
}
{
  message: 'tesst',
  level: 'info',
  timestamp: '4/5/2022, 5:49:16 PM GMT+2'
}
{
  message: 'tesst',
  level: 'info',
  timestamp: '4/5/2022, 5:49:16 PM GMT+2'
}
{
  message: 'tesst',
  level: 'info',
  timestamp: '4/5/2022, 5:49:17 PM GMT+2'
}
{
  message: 'tesst',
  level: 'info',
  timestamp: '4/5/2022, 5:49:26 PM GMT+2'
}
{
  message: 'tesst',
  level: 'info',
  timestamp: '4/5/2022, 5:49:26 PM GMT+2'
}
{
  message: 'tesst',
  level: 'info',
  timestamp: '4/5/2022, 5:49:26 PM GMT+2'
}
{
  message: 'tesst',
  level: 'info',
  timestamp: '4/5/2022, 5:49:26 PM GMT+2'
}
{
  message: 'tesst',
  level: 'info',
  timestamp: '4/5/2022, 5:49:26 PM GMT+2'
}
{
  message: 'tesst',
  level: 'info',
  timestamp: '4/5/2022, 5:49:26 PM GMT+2'
}
{
  message: 'tesst',
  level: 'info',
  timestamp: '4/5/2022, 5:49:38 PM GMT+2'
}
{
  message: 'tesst',
  level: 'info',
  timestamp: '4/5/2022, 5:49:42 PM GMT+2'
}
{
  message: 'tesst',
  level: 'info',
  timestamp: '4/5/2022, 5:49:42 PM GMT+2'
}
{
  message: 'tesst',
  level: 'info',
  timestamp: '4/5/2022, 5:50:39 PM GMT+2'
}
{
  message: 'tesst',
  level: 'info',
  timestamp: '4/5/2022, 5:50:40 PM GMT+2'
}
{
  message: 'tesst',
  level: 'info',
  timestamp: '4/5/2022, 5:50:46 PM GMT+2'
}
{
  message: 'tesst',
  level: 'info',
  timestamp: '4/5/2022, 5:50:46 PM GMT+2'
}
{
  message: 'tesst',
  level: 'info',
  timestamp: '4/5/2022, 5:51:22 PM GMT+2'
}
{
  message: 'tesst',
  level: 'info',
  timestamp: '4/5/2022, 5:51:22 PM GMT+2'
}
{
  message: 'tesst',
  level: 'info',
  timestamp: '4/5/2022, 5:51:37 PM GMT+2'
}
{
  message: 'tesst',
  level: 'info',
  timestamp: '4/5/2022, 5:52:03 PM GMT+2'
}
{
  message: 'tesst',
  level: 'info',
  timestamp: '4/5/2022, 5:52:03 PM GMT+2'
}
{
  message: 'tesst',
  level: 'info',
  timestamp: '4/5/2022, 5:52:08 PM GMT+2'
}
{
  message: 'tesst',
  level: 'info',
  timestamp: '4/5/2022, 5:52:08 PM GMT+2'
}
{
  message: 'tesst',
  level: 'info',
  timestamp: '4/5/2022, 5:52:08 PM GMT+2'
}
{
  message: 'tesst',
  level: 'info',
  timestamp: '4/5/2022, 5:52:08 PM GMT+2'
}
{
  message: 'tesst',
  level: 'info',
  timestamp: '4/5/2022, 5:52:13 PM GMT+2'
}
{
  message: 'tesst',
  level: 'info',
  timestamp: '4/5/2022, 5:52:18 PM GMT+2'
}
{
  message: 'tesst',
  level: 'info',
  timestamp: '4/5/2022, 5:52:18 PM GMT+2'
}
{
  message: 'tesst',
  level: 'info',
  timestamp: '4/5/2022, 5:54:24 PM GMT+2'
}
{
  message: 'tesst',
  level: 'info',
  timestamp: '4/5/2022, 5:55:47 PM GMT+2'
}
{
  message: 'tesst',
  level: 'info',
  timestamp: '4/5/2022, 5:55:49 PM GMT+2'
}
{
  message: 'tesst',
  level: 'info',
  timestamp: '4/5/2022, 5:59:41 PM GMT+2'
}
{
  message: 'tesst',
  level: 'info',
  timestamp: '4/5/2022, 5:59:41 PM GMT+2'
}
{
  message: 'tesst',
  level: 'info',
  timestamp: '4/5/2022, 6:00:28 PM GMT+2'
}
{
  message: 'Server Running on Port: http://localhost:5000',
  level: 'info',
  timestamp: '4/5/2022, 11:45:00 PM GMT+2'
}
{
  message: '::1 - - [05/Apr/2022:22:44:45 +0000] "POST /user/signin HTTP/1.1" 400 33 "http://localhost:3000/" "Mozilla/5.0 (Windows NT 10.0; Win64; x64) AppleWebKit/537.36 (KHTML, like Gecko) Chrome/100.0.4896.75 Safari/537.36"\n',
  level: 'info',
  timestamp: '4/6/2022, 12:44:45 AM GMT+2'
}
{
  message: '::1 - - [05/Apr/2022:22:50:09 +0000] "POST /user/signin HTTP/1.1" 400 33 "http://localhost:3000/" "Mozilla/5.0 (Windows NT 10.0; Win64; x64) AppleWebKit/537.36 (KHTML, like Gecko) Chrome/100.0.4896.75 Safari/537.36"\n',
  level: 'info',
  timestamp: '4/6/2022, 12:50:09 AM GMT+2'
}
{
  message: '::1 - - [05/Apr/2022:23:03:07 +0000] "POST /user/signin HTTP/1.1" 404 32 "http://localhost:3000/" "Mozilla/5.0 (Windows NT 10.0; Win64; x64) AppleWebKit/537.36 (KHTML, like Gecko) Chrome/100.0.4896.75 Safari/537.36"\n',
  level: 'info',
  timestamp: '4/6/2022, 1:03:07 AM GMT+2'
}
{
  message: '::1 - - [05/Apr/2022:23:03:15 +0000] "POST /user/signin HTTP/1.1" 400 33 "http://localhost:3000/" "Mozilla/5.0 (Windows NT 10.0; Win64; x64) AppleWebKit/537.36 (KHTML, like Gecko) Chrome/100.0.4896.75 Safari/537.36"\n',
  level: 'info',
  timestamp: '4/6/2022, 1:03:15 AM GMT+2'
}
{
  message: 'Server Running on Port: http://localhost:5000',
  level: 'info',
  timestamp: '4/6/2022, 1:03:51 AM GMT+2'
}
{
  message: 'Server Running on Port: http://localhost:5000',
  level: 'info',
  timestamp: '4/6/2022, 1:04:02 AM GMT+2'
}
{
  message: 'Server Running on Port: http://localhost:5000',
  level: 'info',
  timestamp: '4/6/2022, 1:04:09 AM GMT+2'
}
{
  message: '::1 - - [05/Apr/2022:23:04:18 +0000] "POST /user/signin HTTP/1.1" 400 32 "http://localhost:3000/" "Mozilla/5.0 (Windows NT 10.0; Win64; x64) AppleWebKit/537.36 (KHTML, like Gecko) Chrome/100.0.4896.75 Safari/537.36"\n',
  level: 'info',
  timestamp: '4/6/2022, 1:04:18 AM GMT+2'
}
{
  message: '::1 - - [05/Apr/2022:23:04:26 +0000] "POST /user/signin HTTP/1.1" 400 32 "http://localhost:3000/" "Mozilla/5.0 (Windows NT 10.0; Win64; x64) AppleWebKit/537.36 (KHTML, like Gecko) Chrome/100.0.4896.75 Safari/537.36"\n',
  level: 'info',
  timestamp: '4/6/2022, 1:04:26 AM GMT+2'
}
{
  message: '::1 - - [05/Apr/2022:23:04:32 +0000] "POST /user/signin HTTP/1.1" 404 42 "http://localhost:3000/" "Mozilla/5.0 (Windows NT 10.0; Win64; x64) AppleWebKit/537.36 (KHTML, like Gecko) Chrome/100.0.4896.75 Safari/537.36"\n',
  level: 'info',
  timestamp: '4/6/2022, 1:04:32 AM GMT+2'
}
{
  message: '::1 - - [05/Apr/2022:23:04:38 +0000] "POST /user/signin HTTP/1.1" 404 42 "http://localhost:3000/" "Mozilla/5.0 (Windows NT 10.0; Win64; x64) AppleWebKit/537.36 (KHTML, like Gecko) Chrome/100.0.4896.75 Safari/537.36"\n',
  level: 'info',
  timestamp: '4/6/2022, 1:04:38 AM GMT+2'
}
{
  message: 'tesst',
  level: 'info',
  timestamp: '4/6/2022, 1:14:51 AM GMT+2'
}
{
  message: 'tesst',
  level: 'info',
  timestamp: '4/6/2022, 1:21:13 AM GMT+2'
}
{
  message: 'tesst',
  level: 'info',
  timestamp: '4/6/2022, 1:22:20 AM GMT+2'
}
{
  message: 'tesst',
  level: 'info',
  timestamp: '4/6/2022, 1:22:20 AM GMT+2'
}
{
  message: 'tesst',
  level: 'info',
  timestamp: '4/6/2022, 1:22:21 AM GMT+2'
}
{
  message: 'tesst',
  level: 'info',
  timestamp: '4/6/2022, 1:22:21 AM GMT+2'
}
{
  message: 'tesst',
  level: 'info',
  timestamp: '4/6/2022, 1:22:43 AM GMT+2'
}
{
  message: 'tesst',
  level: 'info',
  timestamp: '4/6/2022, 1:23:00 AM GMT+2'
}
{
  message: 'tesst',
  level: 'info',
  timestamp: '4/6/2022, 1:24:21 AM GMT+2'
}
{
  message: 'tesst',
  level: 'info',
  timestamp: '4/6/2022, 1:25:32 AM GMT+2'
}
{
  message: 'Server Running on Port: http://localhost:5000',
  level: 'info',
  timestamp: '4/6/2022, 1:27:31 AM GMT+2'
}
{
  message: 'Server Running on Port: http://localhost:5000',
  level: 'info',
  timestamp: '4/6/2022, 1:27:35 AM GMT+2'
}
{
  message: 'Server Running on Port: http://localhost:5000',
  level: 'info',
  timestamp: '4/6/2022, 1:27:38 AM GMT+2'
}
{
  message: 'Server Running on Port: http://localhost:5000',
  level: 'info',
  timestamp: '4/6/2022, 1:27:45 AM GMT+2'
}
{
  message: '::1 - - [05/Apr/2022:23:32:41 +0000] "POST /stream HTTP/1.1" 409 80 "http://localhost:3001/" "Mozilla/5.0 (Windows NT 10.0; Win64; x64) AppleWebKit/537.36 (KHTML, like Gecko) Chrome/100.0.4896.75 Safari/537.36"\n',
  level: 'info',
  timestamp: '4/6/2022, 1:32:41 AM GMT+2'
}
{
  message: 'tesst',
  level: 'info',
  timestamp: '4/6/2022, 1:33:04 AM GMT+2'
}
{
  message: 'tesst',
  level: 'info',
  timestamp: '4/6/2022, 1:33:12 AM GMT+2'
}
{
  message: 'tesst',
  level: 'info',
  timestamp: '4/6/2022, 1:33:54 AM GMT+2'
}
{
  message: 'tesst',
  level: 'info',
  timestamp: '4/6/2022, 1:34:02 AM GMT+2'
}
{
  message: '::1 - - [05/Apr/2022:23:34:57 +0000] "POST /stream HTTP/1.1" 409 80 "http://localhost:3001/" "Mozilla/5.0 (Windows NT 10.0; Win64; x64) AppleWebKit/537.36 (KHTML, like Gecko) Chrome/100.0.4896.75 Safari/537.36"\n',
  level: 'info',
  timestamp: '4/6/2022, 1:34:57 AM GMT+2'
}
{
  message: 'tesst',
  level: 'info',
  timestamp: '4/6/2022, 1:39:09 AM GMT+2'
}
{
  message: 'tesst',
  level: 'info',
  timestamp: '4/6/2022, 1:44:40 AM GMT+2'
}
{
  message: 'tesst',
  level: 'info',
  timestamp: '4/6/2022, 1:45:04 AM GMT+2'
}
{
  message: 'tesst',
  level: 'info',
  timestamp: '4/6/2022, 1:45:57 AM GMT+2'
}
{
  message: 'tesst',
  level: 'info',
  timestamp: '4/6/2022, 1:46:18 AM GMT+2'
}
{
  message: 'tesst',
  level: 'info',
  timestamp: '4/6/2022, 1:46:19 AM GMT+2'
}
{
  message: 'tesst',
  level: 'info',
  timestamp: '4/6/2022, 1:46:19 AM GMT+2'
}
{
  message: 'tesst',
  level: 'info',
  timestamp: '4/6/2022, 1:46:20 AM GMT+2'
}
{
  message: 'tesst',
  level: 'info',
  timestamp: '4/6/2022, 1:46:34 AM GMT+2'
}
{
  message: 'tesst',
  level: 'info',
  timestamp: '4/6/2022, 1:46:41 AM GMT+2'
}
{
  message: 'tesst',
  level: 'info',
  timestamp: '4/6/2022, 1:46:43 AM GMT+2'
}
{
  message: 'tesst',
  level: 'info',
  timestamp: '4/6/2022, 1:47:04 AM GMT+2'
}
{
  message: 'tesst',
  level: 'info',
  timestamp: '4/6/2022, 1:47:13 AM GMT+2'
}
{
  message: 'tesst',
  level: 'info',
  timestamp: '4/6/2022, 1:47:19 AM GMT+2'
}
{
  message: 'tesst',
  level: 'info',
  timestamp: '4/6/2022, 1:47:26 AM GMT+2'
}
{
  message: 'tesst',
  level: 'info',
  timestamp: '4/6/2022, 1:47:28 AM GMT+2'
}
{
  message: 'tesst',
  level: 'info',
  timestamp: '4/6/2022, 1:47:33 AM GMT+2'
}
{
  message: 'tesst',
  level: 'info',
  timestamp: '4/6/2022, 1:47:57 AM GMT+2'
}
{
  message: 'tesst',
  level: 'info',
  timestamp: '4/6/2022, 1:48:07 AM GMT+2'
}
{
  message: 'tesst',
  level: 'info',
  timestamp: '4/6/2022, 1:48:08 AM GMT+2'
}
{
  message: 'tesst',
  level: 'info',
  timestamp: '4/6/2022, 1:48:14 AM GMT+2'
}
{
  message: 'tesst',
  level: 'info',
  timestamp: '4/6/2022, 1:49:11 AM GMT+2'
}
{
  message: 'tesst',
  level: 'info',
  timestamp: '4/6/2022, 1:49:11 AM GMT+2'
}
{
  message: 'tesst',
  level: 'info',
  timestamp: '4/6/2022, 1:49:11 AM GMT+2'
}
{
  message: 'tesst',
  level: 'info',
  timestamp: '4/6/2022, 1:49:11 AM GMT+2'
}
{
  message: 'tesst',
  level: 'info',
  timestamp: '4/6/2022, 1:49:11 AM GMT+2'
}
{
  message: 'tesst',
  level: 'info',
  timestamp: '4/6/2022, 1:49:11 AM GMT+2'
}
{
  message: 'tesst',
  level: 'info',
  timestamp: '4/6/2022, 1:49:12 AM GMT+2'
}
{
  message: 'tesst',
  level: 'info',
  timestamp: '4/6/2022, 1:49:12 AM GMT+2'
}
{
  message: 'tesst',
  level: 'info',
  timestamp: '4/6/2022, 1:49:12 AM GMT+2'
}
{
  message: 'tesst',
  level: 'info',
  timestamp: '4/6/2022, 1:49:12 AM GMT+2'
}
{
  message: 'tesst',
  level: 'info',
  timestamp: '4/6/2022, 1:49:12 AM GMT+2'
}
{
  message: 'tesst',
  level: 'info',
  timestamp: '4/6/2022, 1:49:12 AM GMT+2'
}
{
  message: 'tesst',
  level: 'info',
  timestamp: '4/6/2022, 1:49:12 AM GMT+2'
}
{
  message: 'tesst',
  level: 'info',
  timestamp: '4/6/2022, 1:49:13 AM GMT+2'
}
{
  message: 'tesst',
  level: 'info',
  timestamp: '4/6/2022, 1:49:13 AM GMT+2'
}
{
  message: 'tesst',
  level: 'info',
  timestamp: '4/6/2022, 1:49:13 AM GMT+2'
}
{
  message: 'tesst',
  level: 'info',
  timestamp: '4/6/2022, 1:49:13 AM GMT+2'
}
{
  message: 'tesst',
  level: 'info',
  timestamp: '4/6/2022, 1:49:13 AM GMT+2'
}
{
  message: 'tesst',
  level: 'info',
  timestamp: '4/6/2022, 1:49:13 AM GMT+2'
}
{
  message: 'tesst',
  level: 'info',
  timestamp: '4/6/2022, 1:49:14 AM GMT+2'
}
{
  message: 'tesst',
  level: 'info',
  timestamp: '4/6/2022, 1:49:18 AM GMT+2'
}
{
  message: 'tesst',
  level: 'info',
  timestamp: '4/6/2022, 1:54:49 AM GMT+2'
}
{
  message: 'tesst',
  level: 'info',
  timestamp: '4/6/2022, 1:59:46 AM GMT+2'
}
{
  message: 'tesst',
  level: 'info',
  timestamp: '4/6/2022, 2:00:26 AM GMT+2'
}
{
  message: 'tesst',
  level: 'info',
  timestamp: '4/6/2022, 2:01:49 AM GMT+2'
}
{
  message: 'tesst',
  level: 'info',
  timestamp: '4/6/2022, 2:03:39 AM GMT+2'
}
{
  message: 'tesst',
  level: 'info',
  timestamp: '4/6/2022, 2:04:34 AM GMT+2'
}
{
  message: 'tesst',
  level: 'info',
  timestamp: '4/6/2022, 2:05:13 AM GMT+2'
}
{
  message: 'tesst',
  level: 'info',
  timestamp: '4/6/2022, 2:07:58 AM GMT+2'
}
{
  message: 'tesst',
  level: 'info',
  timestamp: '4/6/2022, 2:08:06 AM GMT+2'
}
{
  message: 'tesst',
  level: 'info',
  timestamp: '4/6/2022, 2:08:33 AM GMT+2'
}
{
  message: 'tesst',
  level: 'info',
  timestamp: '4/6/2022, 2:09:10 AM GMT+2'
}
{
  message: 'tesst',
  level: 'info',
  timestamp: '4/6/2022, 2:09:57 AM GMT+2'
}
{
  message: 'tesst',
  level: 'info',
  timestamp: '4/6/2022, 2:10:10 AM GMT+2'
}
{
  message: 'tesst',
  level: 'info',
  timestamp: '4/6/2022, 2:10:46 AM GMT+2'
}
{
  message: 'tesst',
  level: 'info',
  timestamp: '4/6/2022, 2:10:47 AM GMT+2'
}
{
  message: 'tesst',
  level: 'info',
  timestamp: '4/6/2022, 2:10:48 AM GMT+2'
}
{
  message: 'tesst',
  level: 'info',
  timestamp: '4/6/2022, 2:13:25 AM GMT+2'
}
{
  message: 'tesst',
  level: 'info',
  timestamp: '4/6/2022, 2:14:01 AM GMT+2'
}
{
  message: 'tesst',
  level: 'info',
  timestamp: '4/6/2022, 2:14:48 AM GMT+2'
}
{
  message: 'tesst',
  level: 'info',
  timestamp: '4/6/2022, 2:15:19 AM GMT+2'
}
{
  message: 'tesst',
  level: 'info',
  timestamp: '4/6/2022, 2:15:43 AM GMT+2'
}
{
  message: 'tesst',
  level: 'info',
  timestamp: '4/6/2022, 2:15:51 AM GMT+2'
}
{
  message: 'tesst',
  level: 'info',
  timestamp: '4/6/2022, 2:16:37 AM GMT+2'
}
{
  message: 'tesst',
  level: 'info',
  timestamp: '4/6/2022, 2:16:58 AM GMT+2'
}
{
  message: 'tesst',
  level: 'info',
  timestamp: '4/6/2022, 2:17:11 AM GMT+2'
}
{
  message: 'tesst',
  level: 'info',
  timestamp: '4/6/2022, 2:20:45 AM GMT+2'
}
{
  message: 'tesst',
  level: 'info',
  timestamp: '4/6/2022, 2:20:45 AM GMT+2'
}
{
  message: 'tesst',
  level: 'info',
  timestamp: '4/6/2022, 2:20:45 AM GMT+2'
}
{
  message: 'tesst',
  level: 'info',
  timestamp: '4/6/2022, 2:20:45 AM GMT+2'
}
{
  message: 'tesst',
  level: 'info',
  timestamp: '4/6/2022, 2:20:46 AM GMT+2'
}
{
  message: 'tesst',
  level: 'info',
  timestamp: '4/6/2022, 2:20:51 AM GMT+2'
}
{
  message: 'tesst',
  level: 'info',
  timestamp: '4/6/2022, 2:22:23 AM GMT+2'
}
