{
  error: ReferenceError: productRouter is not defined
      at file:///C:/Users/Karim/Desktop/Project/PrimeTime/server/index.js:32:21
      at ModuleJob.run (internal/modules/esm/module_job.js:183:25)
      at async Loader.import (internal/modules/esm/loader.js:178:24)
      at async Object.loadESM (internal/process/esm_loader.js:68:5),
  level: 'error',
  message: 'uncaughtException: productRouter is not defined\n' +
    'ReferenceError: productRouter is not defined\n' +
    '    at file:///C:/Users/Karim/Desktop/Project/PrimeTime/server/index.js:32:21\n' +
    '    at ModuleJob.run (internal/modules/esm/module_job.js:183:25)\n' +
    '    at async Loader.import (internal/modules/esm/loader.js:178:24)\n' +
    '    at async Object.loadESM (internal/process/esm_loader.js:68:5)',
  stack: 'ReferenceError: productRouter is not defined\n' +
    '    at file:///C:/Users/Karim/Desktop/Project/PrimeTime/server/index.js:32:21\n' +
    '    at ModuleJob.run (internal/modules/esm/module_job.js:183:25)\n' +
    '    at async Loader.import (internal/modules/esm/loader.js:178:24)\n' +
    '    at async Object.loadESM (internal/process/esm_loader.js:68:5)',
  exception: true,
  date: 'Fri Apr 15 2022 00:31:31 GMT+0100 (UTC+01:00)',
  process: {
    pid: 6872,
    uid: null,
    gid: null,
    cwd: 'C:\\Users\\Karim\\Desktop\\Project\\PrimeTime\\server',
    execPath: 'C:\\Program Files\\nodejs\\node.exe',
    version: 'v14.18.1',
    argv: [
      'C:\\Program Files\\nodejs\\node.exe',
      'C:\\Users\\Karim\\Desktop\\Project\\PrimeTime\\server\\index.js'
    ],
    memoryUsage: {
      rss: 68116480,
      heapTotal: 35082240,
      heapUsed: 25288864,
      external: 21163471,
      arrayBuffers: 19120099
    }
  },
  os: { loadavg: [ 0, 0, 0 ], uptime: 2091586 },
  trace: [
    {
      column: 21,
      file: 'file:///C:/Users/Karim/Desktop/Project/PrimeTime/server/index.js',
      function: null,
      line: 32,
      method: null,
      native: false
    },
    {
      column: 25,
      file: 'internal/modules/esm/module_job.js',
      function: 'ModuleJob.run',
      line: 183,
      method: 'run',
      native: false
    },
    {
      column: 24,
      file: 'internal/modules/esm/loader.js',
      function: 'async Loader.import',
      line: 178,
      method: 'import',
      native: false
    },
    {
      column: 5,
      file: 'internal/process/esm_loader.js',
      function: 'async Object.loadESM',
      line: 68,
      method: 'loadESM',
      native: false
    }
  ],
  timestamp: '4/15/2022, 1:31:31 AM GMT+2'
}
{
  error: ReferenceError: expressAsyncHandler is not defined
      at file:///C:/Users/Karim/Desktop/Project/PrimeTime/server/routes/order.js:10:8
      at ModuleJob.run (internal/modules/esm/module_job.js:183:25)
      at async Loader.import (internal/modules/esm/loader.js:178:24)
      at async Object.loadESM (internal/process/esm_loader.js:68:5),
  level: 'error',
  message: 'uncaughtException: expressAsyncHandler is not defined\n' +
    'ReferenceError: expressAsyncHandler is not defined\n' +
    '    at file:///C:/Users/Karim/Desktop/Project/PrimeTime/server/routes/order.js:10:8\n' +
    '    at ModuleJob.run (internal/modules/esm/module_job.js:183:25)\n' +
    '    at async Loader.import (internal/modules/esm/loader.js:178:24)\n' +
    '    at async Object.loadESM (internal/process/esm_loader.js:68:5)',
  stack: 'ReferenceError: expressAsyncHandler is not defined\n' +
    '    at file:///C:/Users/Karim/Desktop/Project/PrimeTime/server/routes/order.js:10:8\n' +
    '    at ModuleJob.run (internal/modules/esm/module_job.js:183:25)\n' +
    '    at async Loader.import (internal/modules/esm/loader.js:178:24)\n' +
    '    at async Object.loadESM (internal/process/esm_loader.js:68:5)',
  exception: true,
  date: 'Sat Apr 16 2022 00:33:23 GMT+0100 (UTC+01:00)',
  process: {
    pid: 21776,
    uid: null,
    gid: null,
    cwd: 'C:\\Users\\Karim\\Desktop\\Project\\PrimeTime\\server',
    execPath: 'C:\\Program Files\\nodejs\\node.exe',
    version: 'v14.18.1',
    argv: [
      'C:\\Program Files\\nodejs\\node.exe',
      'C:\\Users\\Karim\\Desktop\\Project\\PrimeTime\\server\\index.js'
    ],
    memoryUsage: {
      rss: 68055040,
      heapTotal: 36655104,
      heapUsed: 21002056,
      external: 21176436,
      arrayBuffers: 18323413
    }
  },
  os: { loadavg: [ 0, 0, 0 ], uptime: 2178097 },
  trace: [
    {
      column: 8,
      file: 'file:///C:/Users/Karim/Desktop/Project/PrimeTime/server/routes/order.js',
      function: null,
      line: 10,
      method: null,
      native: false
    },
    {
      column: 25,
      file: 'internal/modules/esm/module_job.js',
      function: 'ModuleJob.run',
      line: 183,
      method: 'run',
      native: false
    },
    {
      column: 24,
      file: 'internal/modules/esm/loader.js',
      function: 'async Loader.import',
      line: 178,
      method: 'import',
      native: false
    },
    {
      column: 5,
      file: 'internal/process/esm_loader.js',
      function: 'async Object.loadESM',
      line: 68,
      method: 'loadESM',
      native: false
    }
  ],
  timestamp: '4/16/2022, 1:33:23 AM GMT+2'
}
{
  error: ReferenceError: cors is not defined
      at file:///C:/Users/Karim/Desktop/Project/PrimeTime/server/routes/order.js:7:8
      at ModuleJob.run (internal/modules/esm/module_job.js:183:25)
      at async Loader.import (internal/modules/esm/loader.js:178:24)
      at async Object.loadESM (internal/process/esm_loader.js:68:5),
  level: 'error',
  message: 'uncaughtException: cors is not defined\n' +
    'ReferenceError: cors is not defined\n' +
    '    at file:///C:/Users/Karim/Desktop/Project/PrimeTime/server/routes/order.js:7:8\n' +
    '    at ModuleJob.run (internal/modules/esm/module_job.js:183:25)\n' +
    '    at async Loader.import (internal/modules/esm/loader.js:178:24)\n' +
    '    at async Object.loadESM (internal/process/esm_loader.js:68:5)',
  stack: 'ReferenceError: cors is not defined\n' +
    '    at file:///C:/Users/Karim/Desktop/Project/PrimeTime/server/routes/order.js:7:8\n' +
    '    at ModuleJob.run (internal/modules/esm/module_job.js:183:25)\n' +
    '    at async Loader.import (internal/modules/esm/loader.js:178:24)\n' +
    '    at async Object.loadESM (internal/process/esm_loader.js:68:5)',
  exception: true,
  date: 'Sat Apr 16 2022 00:45:19 GMT+0100 (UTC+01:00)',
  process: {
    pid: 7928,
    uid: null,
    gid: null,
    cwd: 'C:\\Users\\Karim\\Desktop\\Project\\PrimeTime\\server',
    execPath: 'C:\\Program Files\\nodejs\\node.exe',
    version: 'v14.18.1',
    argv: [
      'C:\\Program Files\\nodejs\\node.exe',
      'C:\\Users\\Karim\\Desktop\\Project\\PrimeTime\\server\\index.js'
    ],
    memoryUsage: {
      rss: 68476928,
      heapTotal: 36917248,
      heapUsed: 20819080,
      external: 21209977,
      arrayBuffers: 18372591
    }
  },
  os: { loadavg: [ 0, 0, 0 ], uptime: 2178812 },
  trace: [
    {
      column: 8,
      file: 'file:///C:/Users/Karim/Desktop/Project/PrimeTime/server/routes/order.js',
      function: null,
      line: 7,
      method: null,
      native: false
    },
    {
      column: 25,
      file: 'internal/modules/esm/module_job.js',
      function: 'ModuleJob.run',
      line: 183,
      method: 'run',
      native: false
    },
    {
      column: 24,
      file: 'internal/modules/esm/loader.js',
      function: 'async Loader.import',
      line: 178,
      method: 'import',
      native: false
    },
    {
      column: 5,
      file: 'internal/process/esm_loader.js',
      function: 'async Object.loadESM',
      line: 68,
      method: 'loadESM',
      native: false
    }
  ],
  timestamp: '4/16/2022, 1:45:19 AM GMT+2'
}
